<?xml version="1.0" encoding="UTF-8"?>
<!-- Generated by org.testng.reporters.JUnitReportReporter -->
<testsuite hostname="NX00605" failures="0" tests="3" name="TestcasePackage.LoginTestClass" time="0.447" errors="0" timestamp="2024-04-24T16:01:19 PKT" skipped="2">
  <testcase classname="TestcasePackage.LoginTestClass" name="TestcasetoVerifyLoginwithbothcorrectEmailandPassword" time="0.447"/>
  <testcase classname="TestcasePackage.LoginTestClass" name="TestcasetoVerifyLoginwith_CorrectEmailandWrongPassword">
    <skipped/>
  </testcase> <!-- TestcasetoVerifyLoginwith_CorrectEmailandWrongPassword -->
  <testcase classname="TestcasePackage.LoginTestClass" name="TestcasetoVerifyLoginwith_bothWrongEmailandPassword">
    <skipped/>
  </testcase> <!-- TestcasetoVerifyLoginwith_bothWrongEmailandPassword -->
</testsuite> <!-- TestcasePackage.LoginTestClass -->
