<?xml version="1.0" encoding="UTF-8"?>
<!-- Generated by org.testng.reporters.JUnitReportReporter -->
<testsuite hostname="NX00605" failures="0" tests="3" name="TestcasePackage.LoginTestClass" time="12.801" errors="0" timestamp="2024-04-26T14:51:10 PKT" skipped="2">
  <testcase classname="TestcasePackage.LoginTestClass" name="TestcasetoVerifyLoginwithbothcorrectEmailandPassword" time="12.801"/>
  <testcase classname="TestcasePackage.LoginTestClass" name="TestcasetoVerifyLoginwith_bothWrongEmailandPassword">
    <skipped/>
  </testcase> <!-- TestcasetoVerifyLoginwith_bothWrongEmailandPassword -->
  <testcase classname="TestcasePackage.LoginTestClass" name="TestcasetoVerifyLoginwith_CorrectEmailandWrongPassword">
    <skipped/>
  </testcase> <!-- TestcasetoVerifyLoginwith_CorrectEmailandWrongPassword -->
</testsuite> <!-- TestcasePackage.LoginTestClass -->
