<?xml version="1.0" encoding="UTF-8"?>
<!-- Generated by org.testng.reporters.JUnitReportReporter -->
<testsuite hostname="DESKTOP-2QTKDAK" failures="0" tests="3" name="TestcasePackage.LoginTestClass" time="2.364" errors="0" timestamp="2024-04-25T01:27:25 PKT" skipped="2">
  <testcase classname="TestcasePackage.LoginTestClass" name="TestcasetoVerifyLoginwithbothcorrectEmailandPassword" time="2.364"/>
  <testcase classname="TestcasePackage.LoginTestClass" name="TestcasetoVerifyLoginwith_CorrectEmailandWrongPassword">
    <skipped/>
  </testcase> <!-- TestcasetoVerifyLoginwith_CorrectEmailandWrongPassword -->
  <testcase classname="TestcasePackage.LoginTestClass" name="TestcasetoVerifyLoginwith_bothWrongEmailandPassword">
    <skipped/>
  </testcase> <!-- TestcasetoVerifyLoginwith_bothWrongEmailandPassword -->
</testsuite> <!-- TestcasePackage.LoginTestClass -->
