<?xml version="1.0" encoding="UTF-8"?>
<!-- Generated by org.testng.reporters.JUnitReportReporter -->
<testsuite hostname="NX00605" failures="0" tests="3" name="TestcasePackage.LoginTestClass" time="0.702" errors="0" timestamp="2024-04-26T18:12:15 PKT" skipped="2">
  <testcase classname="TestcasePackage.LoginTestClass" name="TestcasetoVerifyLoginwithbothcorrectEmailandPassword" time="0.702"/>
  <testcase classname="TestcasePackage.LoginTestClass" name="TestcasetoVerifyLoginwithBothWrongEmailandPassword">
    <skipped/>
  </testcase> <!-- TestcasetoVerifyLoginwithBothWrongEmailandPassword -->
  <testcase classname="TestcasePackage.LoginTestClass" name="TestcasetoVerifyLoginwith_CorrectEmailandWrongPassword">
    <skipped/>
  </testcase> <!-- TestcasetoVerifyLoginwith_CorrectEmailandWrongPassword -->
</testsuite> <!-- TestcasePackage.LoginTestClass -->
